[09:09:23] [ServerMain/INFO]: Environment: Environment[sessionHost=https://sessionserver.mojang.com, servicesHost=https://api.minecraftservices.com, name=PROD]
[09:09:25] [ServerMain/INFO]: Loaded 1175 recipes
[09:09:25] [ServerMain/INFO]: Loaded 1276 advancements
[09:09:25] [Server thread/INFO]: Starting minecraft server version 1.20.6
[09:09:25] [Server thread/WARN]: ****************************
[09:09:25] [Server thread/WARN]: YOU ARE RUNNING THIS SERVER AS AN ADMINISTRATIVE OR ROOT USER. THIS IS NOT ADVISED.
[09:09:25] [Server thread/WARN]: YOU ARE OPENING YOURSELF UP TO POTENTIAL RISKS WHEN DOING THIS.
[09:09:25] [Server thread/WARN]: FOR MORE INFORMATION, SEE https://madelinemiller.dev/blog/root-minecraft-server/
[09:09:25] [Server thread/WARN]: ****************************
[09:09:25] [Server thread/INFO]: Loading properties
[09:09:25] [Server thread/INFO]: This server is running Paper version 1.20.6-147-ver/1.20.6@e41d44f (2024-06-17T19:24:35Z) (Implementing API version 1.20.6-R0.1-SNAPSHOT)
[09:09:26] [Server thread/INFO]: Server Ping Player Sample Count: 12
[09:09:26] [Server thread/INFO]: Using 4 threads for Netty based IO
[09:09:27] [Server thread/WARN]: [!] The timings profiler has been enabled but has been scheduled for removal from Paper in the future.
    We recommend installing the spark profiler as a replacement: https://spark.lucko.me/
    For more information please visit: https://github.com/PaperMC/Paper/issues/8948
[09:09:27] [Server thread/INFO]: [ChunkTaskScheduler] Chunk system is using 1 I/O threads, 1 worker threads, and gen parallelism of 1 threads
[09:09:27] [Server thread/INFO]: Default game type: SURVIVAL
[09:09:27] [Server thread/INFO]: Generating keypair
[09:09:27] [Server thread/INFO]: Starting Minecraft server on *:25565
[09:09:27] [Server thread/INFO]: Using epoll channel type
[09:09:27] [Server thread/INFO]: Paper: Using libdeflate (Linux x86_64) compression from Velocity.
[09:09:27] [Server thread/INFO]: Paper: Using OpenSSL 1.1.x (Linux x86_64) cipher from Velocity.
[09:09:27] [Server thread/INFO]: [playit-gg] Loading server plugin playit-gg v0.1.4
[09:09:27] [Server thread/INFO]: Server permissions file permissions.yml is empty, ignoring it
[09:09:27] [Server thread/WARN]: **** SERVER IS RUNNING IN OFFLINE/INSECURE MODE!
[09:09:27] [Server thread/WARN]: The server will make no attempt to authenticate usernames. Beware.
[09:09:27] [Server thread/WARN]: While this makes the game possible to play without internet access, it also opens up the ability for hackers to connect with any username they choose.
[09:09:27] [Server thread/WARN]: To change this, set "online-mode" to "true" in the server.properties file.
[09:09:27] [Server thread/INFO]: Preparing level "world"
[09:09:28] [Server thread/INFO]: Preparing start region for dimension minecraft:overworld
[09:09:29] [Server thread/INFO]: Time elapsed: 1099 ms
[09:09:29] [Server thread/INFO]: Preparing start region for dimension minecraft:the_nether
[09:09:29] [Server thread/INFO]: Time elapsed: 165 ms
[09:09:29] [Server thread/INFO]: Preparing start region for dimension minecraft:the_end
[09:09:29] [Server thread/INFO]: Time elapsed: 120 ms
[09:09:29] [Server thread/INFO]: [playit-gg] Enabling playit-gg v0.1.4
[09:09:31] [Thread-6/INFO]: [gg.playit.minecraft.PlayitKeysSetup] secret key found, checking
[09:09:31] [Thread-6/INFO]: [gg.playit.minecraft.PlayitKeysSetup] check secret
[09:09:31] [Server thread/INFO]: Starting GS4 status listener
[09:09:31] [Server thread/INFO]: Thread Query Listener started
[09:09:31] [Query Listener #1/INFO]: Query running on 0.0.0.0:25565
[09:09:31] [Server thread/INFO]: Running delayed init tasks
[09:09:31] [Server thread/INFO]: Done (5.607s)! For help, type "help"
[09:09:31] [Server thread/INFO]: Timings Reset
[09:09:32] [Thread-6/INFO]: [gg.playit.minecraft.PlayitKeysSetup] found minecraft java tunnel: basis-pixel.joinmc.link
[09:09:32] [Thread-6/INFO]: [gg.playit.minecraft.PlayitManager] keys and tunnel setup
[09:09:32] [Thread-6/INFO]: playit.gg: tunnel setup
[09:09:32] [Thread-6/INFO]: playit.gg: basis-pixel.joinmc.link
[09:09:33] [Thread-6/WARN]: [gg.playit.control.ChannelSetup] Got IO error working with :control.playit.gg/2602:fbaf:840:0:0:0:0:1, error : java.net.SocketException: Network is unreachable
[09:09:33] [Thread-6/INFO]: [gg.playit.control.ChannelSetup] request queued, waiting 1 second before resend
[09:09:34] [Thread-6/INFO]: [gg.playit.control.ChannelSetup] request queued, waiting 1 second before resend
[09:13:35] [Thread-6/INFO]: [gg.playit.control.ChannelSetup] send keep alive
[09:16:16] [Thread-6/INFO]: [gg.playit.minecraft.PlayitManager] got new client: NewClient{connectAddr=[2602:fbaf:0830:0000:0000:0000:0000:00c2]:10983, peerAddr=[2a01:7e01:0000:0000:f03c:92ff:fea9:a7d3]:53886, claimAddress=209.25.143.2:43783, claimToken=[64, 0, 88, 38, 2, -5, -81, 8, 48, 0, 0, 0, 0, 0, 0, 0, 0, 0, -62, 42, -25, 42, 1, 126, 1, 0, 0, 0, 0, -16, 60, -110, -1, -2, -87, -89, -45, -46, 126, 0, 0, 0, 0, 18, 27, 55, 86, -85, 7, 102, 117, 68, -32, 0, 0, 0, 0, 0, 9, 65, 60, 0, 0, 0, 0, 0, 50, -99, 86, -120, 86, -85, 7, 0, 0, 0, 0, 14, 0, 0, 0, 0, 0, 0, 0, 4, 0, 1, 93, -114, 13, -95, -77, 70, 11, -31, 103, 17, 45, 44, -87, 113, 35, -127], tunnelServerId=4, dataCenterId=14}
[09:16:16] [Thread-6/INFO]: [gg.playit.minecraft.PlayitManager] starting tcp tunnel for client
[09:16:16] [Thread-6/INFO]: [gg.playit.minecraft.PlayitTcpTunnel] start connection to /209.25.143.2:43783 to claim client
[09:16:16] [nioEventLoopGroup-2-1/INFO]: [gg.playit.minecraft.PlayitTcpTunnel] connected to tunnel server, sending claim token
[09:16:16] [nioEventLoopGroup-2-1/INFO]: [gg.playit.minecraft.PlayitTcpTunnel] claim token sent
[09:16:16] [nioEventLoopGroup-2-1/INFO]: [gg.playit.minecraft.PlayitTcpTunnel] connection to tunnel server has been established
[09:16:16] [nioEventLoopGroup-2-1/INFO]: [gg.playit.minecraft.PlayitTcpTunnel] Reflect: ReflectionHelper{ServerConnection=class net.minecraft.server.network.ServerConnectionListener, LegacyPingHandler=class net.minecraft.server.network.LegacyQueryHandler, MinecraftServer=class net.minecraft.server.MinecraftServer, PacketSplitter=class net.minecraft.network.Varint21FrameDecoder, PacketDecoder=class net.minecraft.network.PacketDecoder, EnumProtocolDirection=class net.minecraft.network.protocol.PacketFlow, PacketPrepender=class net.minecraft.network.Varint21LengthFieldPrepender, PacketEncoder=class net.minecraft.network.PacketEncoder, NetworkManagerServer=class net.minecraft.network.RateKickingConnection, NetworkManager=class net.minecraft.network.Connection, HandshakeListener=class net.minecraft.server.network.ServerHandshakePacketListenerImpl, PacketListener=interface net.minecraft.network.PacketListener, CraftServer=class org.bukkit.craftbukkit.CraftServer}
[09:16:16] [nioEventLoopGroup-2-1/INFO]: [gg.playit.minecraft.PlayitTcpTunnel] legacyPingHandler is null
[09:16:16] [nioEventLoopGroup-2-1/INFO]: [gg.playit.minecraft.PlayitTcpTunnel] connecting to minecraft server at localhost/127.0.0.1:25565
[09:16:16] [nioEventLoopGroup-2-2/INFO]: [gg.playit.minecraft.PlayitTcpTunnel] connected to local minecraft server
[09:17:23] [Server thread/INFO]: Stopping the server
[09:17:23] [Server thread/INFO]: Stopping server
[09:17:23] [Server thread/INFO]: [playit-gg] Disabling playit-gg v0.1.4
[09:17:23] [Server thread/INFO]: Saving players
[09:17:23] [Server thread/INFO]: Saving worlds
[09:17:23] [Server thread/INFO]: Saving chunks for level 'ServerLevel[world]'/minecraft:overworld
[09:17:23] [Server thread/INFO]: [ChunkHolderManager] Waiting 60s for chunk system to halt for world 'world'
[09:17:23] [Server thread/INFO]: [ChunkHolderManager] Halted chunk system for world 'world'
[09:17:23] [Server thread/INFO]: [ChunkHolderManager] Saving all chunkholders for world 'world'
[09:17:23] [Server thread/INFO]: [ChunkHolderManager] Saved 0 block chunks, 32 entity chunks, 0 poi chunks in world 'world' in 0.01s
[09:17:23] [Server thread/INFO]: ThreadedAnvilChunkStorage (world): All chunks are saved
[09:17:23] [Server thread/INFO]: Saving chunks for level 'ServerLevel[world_nether]'/minecraft:the_nether
[09:17:24] [Server thread/INFO]: [ChunkHolderManager] Waiting 60s for chunk system to halt for world 'world_nether'
[09:17:24] [Server thread/INFO]: [ChunkHolderManager] Halted chunk system for world 'world_nether'
[09:17:24] [Server thread/INFO]: [ChunkHolderManager] Saving all chunkholders for world 'world_nether'
[09:17:24] [Server thread/INFO]: [ChunkHolderManager] Saved 0 block chunks, 0 entity chunks, 0 poi chunks in world 'world_nether' in 0.00s
[09:17:24] [Server thread/INFO]: ThreadedAnvilChunkStorage (DIM-1): All chunks are saved
[09:17:24] [Server thread/INFO]: Saving chunks for level 'ServerLevel[world_the_end]'/minecraft:the_end
[09:17:24] [Server thread/INFO]: [ChunkHolderManager] Waiting 60s for chunk system to halt for world 'world_the_end'
[09:17:24] [Server thread/INFO]: [ChunkHolderManager] Halted chunk system for world 'world_the_end'
[09:17:24] [Server thread/INFO]: [ChunkHolderManager] Saving all chunkholders for world 'world_the_end'
[09:17:24] [Server thread/INFO]: [ChunkHolderManager] Saved 0 block chunks, 10 entity chunks, 0 poi chunks in world 'world_the_end' in 0.00s
[09:17:24] [Server thread/INFO]: ThreadedAnvilChunkStorage (DIM1): All chunks are saved
[09:17:24] [Server thread/INFO]: ThreadedAnvilChunkStorage: All dimensions are saved
[09:17:24] [Server thread/INFO]: Flushing Chunk IO
[09:17:24] [Server thread/INFO]: Closing Thread Pool
[09:17:24] [Server thread/INFO]: Closing Server
